11:23:19.449 [main] DEBUG org.apache.poi.openxml4j.opc.PackageRelationshipCollection.parseRelationshipsPart(PackageRelationshipCollection.java:307)oggger - Parsing relationship: /xl/_rels/workbook.xml.rels
11:23:19.469 [main] DEBUG org.apache.poi.openxml4j.opc.PackageRelationshipCollection.parseRelationshipsPart(PackageRelationshipCollection.java:307)oggger - Parsing relationship: /xl/worksheets/_rels/sheet1.xml.rels
11:23:19.472 [main] DEBUG org.apache.poi.openxml4j.opc.PackageRelationshipCollection.parseRelationshipsPart(PackageRelationshipCollection.java:307)oggger - Parsing relationship: /_rels/.rels
11:23:20.149 [main] DEBUG org.apache.poi.ooxml.POIXMLFactory.createDocumentPart(POIXMLFactory.java:65)oggger - using default POIXMLDocumentPart for http://schemas.openxmlformats.org/officeDocument/2006/relationships/printerSettings
11:23:20.316 [main] DEBUG org.apache.poi.openxml4j.opc.PackageRelationshipCollection.parseRelationshipsPart(PackageRelationshipCollection.java:307)oggger - Parsing relationship: /xl/_rels/workbook.xml.rels
11:23:20.319 [main] DEBUG org.apache.poi.openxml4j.opc.PackageRelationshipCollection.parseRelationshipsPart(PackageRelationshipCollection.java:307)oggger - Parsing relationship: /xl/worksheets/_rels/sheet1.xml.rels
11:23:20.321 [main] DEBUG org.apache.poi.openxml4j.opc.PackageRelationshipCollection.parseRelationshipsPart(PackageRelationshipCollection.java:307)oggger - Parsing relationship: /_rels/.rels
11:23:20.341 [main] DEBUG org.apache.poi.ooxml.POIXMLFactory.createDocumentPart(POIXMLFactory.java:65)oggger - using default POIXMLDocumentPart for http://schemas.openxmlformats.org/officeDocument/2006/relationships/printerSettings
11:23:20.367 [main] DEBUG org.apache.poi.openxml4j.opc.PackageRelationshipCollection.parseRelationshipsPart(PackageRelationshipCollection.java:307)oggger - Parsing relationship: /xl/_rels/workbook.xml.rels
11:23:20.369 [main] DEBUG org.apache.poi.openxml4j.opc.PackageRelationshipCollection.parseRelationshipsPart(PackageRelationshipCollection.java:307)oggger - Parsing relationship: /xl/worksheets/_rels/sheet1.xml.rels
11:23:20.369 [main] DEBUG org.apache.poi.openxml4j.opc.PackageRelationshipCollection.parseRelationshipsPart(PackageRelationshipCollection.java:307)oggger - Parsing relationship: /_rels/.rels
11:23:20.392 [main] DEBUG org.apache.poi.ooxml.POIXMLFactory.createDocumentPart(POIXMLFactory.java:65)oggger - using default POIXMLDocumentPart for http://schemas.openxmlformats.org/officeDocument/2006/relationships/printerSettings
11:23:20.433 [main] DEBUG org.apache.poi.openxml4j.opc.PackageRelationshipCollection.parseRelationshipsPart(PackageRelationshipCollection.java:307)oggger - Parsing relationship: /xl/_rels/workbook.xml.rels
11:23:20.433 [main] DEBUG org.apache.poi.openxml4j.opc.PackageRelationshipCollection.parseRelationshipsPart(PackageRelationshipCollection.java:307)oggger - Parsing relationship: /xl/worksheets/_rels/sheet1.xml.rels
11:23:20.433 [main] DEBUG org.apache.poi.openxml4j.opc.PackageRelationshipCollection.parseRelationshipsPart(PackageRelationshipCollection.java:307)oggger - Parsing relationship: /_rels/.rels
11:23:20.449 [main] DEBUG org.apache.poi.ooxml.POIXMLFactory.createDocumentPart(POIXMLFactory.java:65)oggger - using default POIXMLDocumentPart for http://schemas.openxmlformats.org/officeDocument/2006/relationships/printerSettings
11:23:20.469 [main] DEBUG org.apache.poi.openxml4j.opc.PackageRelationshipCollection.parseRelationshipsPart(PackageRelationshipCollection.java:307)oggger - Parsing relationship: /xl/_rels/workbook.xml.rels
11:23:20.473 [main] DEBUG org.apache.poi.openxml4j.opc.PackageRelationshipCollection.parseRelationshipsPart(PackageRelationshipCollection.java:307)oggger - Parsing relationship: /xl/worksheets/_rels/sheet1.xml.rels
11:23:20.473 [main] DEBUG org.apache.poi.openxml4j.opc.PackageRelationshipCollection.parseRelationshipsPart(PackageRelationshipCollection.java:307)oggger - Parsing relationship: /_rels/.rels
11:23:20.493 [main] DEBUG org.apache.poi.ooxml.POIXMLFactory.createDocumentPart(POIXMLFactory.java:65)oggger - using default POIXMLDocumentPart for http://schemas.openxmlformats.org/officeDocument/2006/relationships/printerSettings
11:23:20.531 [main] DEBUG org.apache.poi.openxml4j.opc.PackageRelationshipCollection.parseRelationshipsPart(PackageRelationshipCollection.java:307)oggger - Parsing relationship: /xl/_rels/workbook.xml.rels
11:23:20.533 [main] DEBUG org.apache.poi.openxml4j.opc.PackageRelationshipCollection.parseRelationshipsPart(PackageRelationshipCollection.java:307)oggger - Parsing relationship: /xl/worksheets/_rels/sheet1.xml.rels
11:23:20.533 [main] DEBUG org.apache.poi.openxml4j.opc.PackageRelationshipCollection.parseRelationshipsPart(PackageRelationshipCollection.java:307)oggger - Parsing relationship: /_rels/.rels
11:23:20.555 [main] DEBUG org.apache.poi.ooxml.POIXMLFactory.createDocumentPart(POIXMLFactory.java:65)oggger - using default POIXMLDocumentPart for http://schemas.openxmlformats.org/officeDocument/2006/relationships/printerSettings
11:23:20.579 [main] DEBUG org.apache.poi.openxml4j.opc.PackageRelationshipCollection.parseRelationshipsPart(PackageRelationshipCollection.java:307)oggger - Parsing relationship: /xl/_rels/workbook.xml.rels
11:23:20.579 [main] DEBUG org.apache.poi.openxml4j.opc.PackageRelationshipCollection.parseRelationshipsPart(PackageRelationshipCollection.java:307)oggger - Parsing relationship: /xl/worksheets/_rels/sheet1.xml.rels
11:23:20.583 [main] DEBUG org.apache.poi.openxml4j.opc.PackageRelationshipCollection.parseRelationshipsPart(PackageRelationshipCollection.java:307)oggger - Parsing relationship: /_rels/.rels
11:23:20.594 [main] DEBUG org.apache.poi.ooxml.POIXMLFactory.createDocumentPart(POIXMLFactory.java:65)oggger - using default POIXMLDocumentPart for http://schemas.openxmlformats.org/officeDocument/2006/relationships/printerSettings
11:23:20.621 [main] DEBUG org.apache.poi.openxml4j.opc.PackageRelationshipCollection.parseRelationshipsPart(PackageRelationshipCollection.java:307)oggger - Parsing relationship: /xl/_rels/workbook.xml.rels
11:23:20.625 [main] DEBUG org.apache.poi.openxml4j.opc.PackageRelationshipCollection.parseRelationshipsPart(PackageRelationshipCollection.java:307)oggger - Parsing relationship: /xl/worksheets/_rels/sheet1.xml.rels
11:23:20.627 [main] DEBUG org.apache.poi.openxml4j.opc.PackageRelationshipCollection.parseRelationshipsPart(PackageRelationshipCollection.java:307)oggger - Parsing relationship: /_rels/.rels
11:23:20.666 [main] DEBUG org.apache.poi.ooxml.POIXMLFactory.createDocumentPart(POIXMLFactory.java:65)oggger - using default POIXMLDocumentPart for http://schemas.openxmlformats.org/officeDocument/2006/relationships/printerSettings
11:23:20.697 [main] DEBUG org.apache.poi.openxml4j.opc.PackageRelationshipCollection.parseRelationshipsPart(PackageRelationshipCollection.java:307)oggger - Parsing relationship: /xl/_rels/workbook.xml.rels
11:23:20.699 [main] DEBUG org.apache.poi.openxml4j.opc.PackageRelationshipCollection.parseRelationshipsPart(PackageRelationshipCollection.java:307)oggger - Parsing relationship: /xl/worksheets/_rels/sheet1.xml.rels
11:23:20.703 [main] DEBUG org.apache.poi.openxml4j.opc.PackageRelationshipCollection.parseRelationshipsPart(PackageRelationshipCollection.java:307)oggger - Parsing relationship: /_rels/.rels
11:23:20.719 [main] DEBUG org.apache.poi.ooxml.POIXMLFactory.createDocumentPart(POIXMLFactory.java:65)oggger - using default POIXMLDocumentPart for http://schemas.openxmlformats.org/officeDocument/2006/relationships/printerSettings
11:23:20.765 [main] DEBUG org.apache.poi.openxml4j.opc.PackageRelationshipCollection.parseRelationshipsPart(PackageRelationshipCollection.java:307)oggger - Parsing relationship: /xl/_rels/workbook.xml.rels
11:23:20.767 [main] DEBUG org.apache.poi.openxml4j.opc.PackageRelationshipCollection.parseRelationshipsPart(PackageRelationshipCollection.java:307)oggger - Parsing relationship: /xl/worksheets/_rels/sheet1.xml.rels
11:23:20.769 [main] DEBUG org.apache.poi.openxml4j.opc.PackageRelationshipCollection.parseRelationshipsPart(PackageRelationshipCollection.java:307)oggger - Parsing relationship: /_rels/.rels
11:23:20.786 [main] DEBUG org.apache.poi.ooxml.POIXMLFactory.createDocumentPart(POIXMLFactory.java:65)oggger - using default POIXMLDocumentPart for http://schemas.openxmlformats.org/officeDocument/2006/relationships/printerSettings
11:23:20.819 [main] DEBUG org.apache.poi.openxml4j.opc.PackageRelationshipCollection.parseRelationshipsPart(PackageRelationshipCollection.java:307)oggger - Parsing relationship: /xl/_rels/workbook.xml.rels
11:23:20.820 [main] DEBUG org.apache.poi.openxml4j.opc.PackageRelationshipCollection.parseRelationshipsPart(PackageRelationshipCollection.java:307)oggger - Parsing relationship: /xl/worksheets/_rels/sheet1.xml.rels
11:23:20.824 [main] DEBUG org.apache.poi.openxml4j.opc.PackageRelationshipCollection.parseRelationshipsPart(PackageRelationshipCollection.java:307)oggger - Parsing relationship: /_rels/.rels
11:23:20.842 [main] DEBUG org.apache.poi.ooxml.POIXMLFactory.createDocumentPart(POIXMLFactory.java:65)oggger - using default POIXMLDocumentPart for http://schemas.openxmlformats.org/officeDocument/2006/relationships/printerSettings
11:23:20.875 [main] DEBUG org.apache.poi.openxml4j.opc.PackageRelationshipCollection.parseRelationshipsPart(PackageRelationshipCollection.java:307)oggger - Parsing relationship: /xl/_rels/workbook.xml.rels
11:23:20.883 [main] DEBUG org.apache.poi.openxml4j.opc.PackageRelationshipCollection.parseRelationshipsPart(PackageRelationshipCollection.java:307)oggger - Parsing relationship: /xl/worksheets/_rels/sheet1.xml.rels
11:23:20.883 [main] DEBUG org.apache.poi.openxml4j.opc.PackageRelationshipCollection.parseRelationshipsPart(PackageRelationshipCollection.java:307)oggger - Parsing relationship: /_rels/.rels
11:23:20.892 [main] DEBUG org.apache.poi.ooxml.POIXMLFactory.createDocumentPart(POIXMLFactory.java:65)oggger - using default POIXMLDocumentPart for http://schemas.openxmlformats.org/officeDocument/2006/relationships/printerSettings
11:23:20.904 [main] DEBUG org.apache.poi.openxml4j.opc.PackageRelationshipCollection.parseRelationshipsPart(PackageRelationshipCollection.java:307)oggger - Parsing relationship: /xl/_rels/workbook.xml.rels
11:23:20.908 [main] DEBUG org.apache.poi.openxml4j.opc.PackageRelationshipCollection.parseRelationshipsPart(PackageRelationshipCollection.java:307)oggger - Parsing relationship: /xl/worksheets/_rels/sheet1.xml.rels
11:23:20.909 [main] DEBUG org.apache.poi.openxml4j.opc.PackageRelationshipCollection.parseRelationshipsPart(PackageRelationshipCollection.java:307)oggger - Parsing relationship: /_rels/.rels
11:23:20.924 [main] DEBUG org.apache.poi.ooxml.POIXMLFactory.createDocumentPart(POIXMLFactory.java:65)oggger - using default POIXMLDocumentPart for http://schemas.openxmlformats.org/officeDocument/2006/relationships/printerSettings
11:23:20.940 [main] DEBUG org.apache.poi.openxml4j.opc.PackageRelationshipCollection.parseRelationshipsPart(PackageRelationshipCollection.java:307)oggger - Parsing relationship: /xl/_rels/workbook.xml.rels
11:23:20.940 [main] DEBUG org.apache.poi.openxml4j.opc.PackageRelationshipCollection.parseRelationshipsPart(PackageRelationshipCollection.java:307)oggger - Parsing relationship: /xl/worksheets/_rels/sheet1.xml.rels
11:23:20.951 [main] DEBUG org.apache.poi.openxml4j.opc.PackageRelationshipCollection.parseRelationshipsPart(PackageRelationshipCollection.java:307)oggger - Parsing relationship: /_rels/.rels
11:23:20.959 [main] DEBUG org.apache.poi.ooxml.POIXMLFactory.createDocumentPart(POIXMLFactory.java:65)oggger - using default POIXMLDocumentPart for http://schemas.openxmlformats.org/officeDocument/2006/relationships/printerSettings
11:23:21.015 [main] DEBUG org.apache.poi.openxml4j.opc.PackageRelationshipCollection.parseRelationshipsPart(PackageRelationshipCollection.java:307)oggger - Parsing relationship: /xl/_rels/workbook.xml.rels
11:23:21.015 [main] DEBUG org.apache.poi.openxml4j.opc.PackageRelationshipCollection.parseRelationshipsPart(PackageRelationshipCollection.java:307)oggger - Parsing relationship: /xl/worksheets/_rels/sheet1.xml.rels
11:23:21.020 [main] DEBUG org.apache.poi.openxml4j.opc.PackageRelationshipCollection.parseRelationshipsPart(PackageRelationshipCollection.java:307)oggger - Parsing relationship: /_rels/.rels
11:23:21.039 [main] DEBUG org.apache.poi.ooxml.POIXMLFactory.createDocumentPart(POIXMLFactory.java:65)oggger - using default POIXMLDocumentPart for http://schemas.openxmlformats.org/officeDocument/2006/relationships/printerSettings
11:23:21.082 [main] DEBUG org.apache.poi.openxml4j.opc.PackageRelationshipCollection.parseRelationshipsPart(PackageRelationshipCollection.java:307)oggger - Parsing relationship: /xl/_rels/workbook.xml.rels
11:23:21.082 [main] DEBUG org.apache.poi.openxml4j.opc.PackageRelationshipCollection.parseRelationshipsPart(PackageRelationshipCollection.java:307)oggger - Parsing relationship: /xl/worksheets/_rels/sheet1.xml.rels
11:23:21.082 [main] DEBUG org.apache.poi.openxml4j.opc.PackageRelationshipCollection.parseRelationshipsPart(PackageRelationshipCollection.java:307)oggger - Parsing relationship: /_rels/.rels
11:23:21.099 [main] DEBUG org.apache.poi.ooxml.POIXMLFactory.createDocumentPart(POIXMLFactory.java:65)oggger - using default POIXMLDocumentPart for http://schemas.openxmlformats.org/officeDocument/2006/relationships/printerSettings
11:23:21.131 [main] DEBUG org.apache.poi.openxml4j.opc.PackageRelationshipCollection.parseRelationshipsPart(PackageRelationshipCollection.java:307)oggger - Parsing relationship: /xl/_rels/workbook.xml.rels
11:23:21.131 [main] DEBUG org.apache.poi.openxml4j.opc.PackageRelationshipCollection.parseRelationshipsPart(PackageRelationshipCollection.java:307)oggger - Parsing relationship: /xl/worksheets/_rels/sheet1.xml.rels
11:23:21.131 [main] DEBUG org.apache.poi.openxml4j.opc.PackageRelationshipCollection.parseRelationshipsPart(PackageRelationshipCollection.java:307)oggger - Parsing relationship: /_rels/.rels
11:23:21.154 [main] DEBUG org.apache.poi.ooxml.POIXMLFactory.createDocumentPart(POIXMLFactory.java:65)oggger - using default POIXMLDocumentPart for http://schemas.openxmlformats.org/officeDocument/2006/relationships/printerSettings
11:23:21.209 [main] INFO  testCases.TC003_Login_withDataDriven.login_datadriven(TC003_Login_withDataDriven.java:18)oggger - *****Started execution TC003_Login_withDataDriven*******
11:23:23.756 [main] INFO  testCases.TC003_Login_withDataDriven.login_datadriven(TC003_Login_withDataDriven.java:58)oggger - *****Completed execution TC003_Login_withDataDriven*******
11:23:23.775 [main] INFO  testCases.TC003_Login_withDataDriven.login_datadriven(TC003_Login_withDataDriven.java:18)oggger - *****Started execution TC003_Login_withDataDriven*******
11:23:29.851 [main] INFO  testCases.TC003_Login_withDataDriven.login_datadriven(TC003_Login_withDataDriven.java:58)oggger - *****Completed execution TC003_Login_withDataDriven*******
11:23:29.867 [main] INFO  testCases.TC003_Login_withDataDriven.login_datadriven(TC003_Login_withDataDriven.java:18)oggger - *****Started execution TC003_Login_withDataDriven*******
11:23:32.287 [main] INFO  testCases.TC003_Login_withDataDriven.login_datadriven(TC003_Login_withDataDriven.java:58)oggger - *****Completed execution TC003_Login_withDataDriven*******
11:23:32.317 [main] INFO  testCases.TC003_Login_withDataDriven.login_datadriven(TC003_Login_withDataDriven.java:18)oggger - *****Started execution TC003_Login_withDataDriven*******
11:23:37.893 [main] INFO  testCases.TC003_Login_withDataDriven.login_datadriven(TC003_Login_withDataDriven.java:58)oggger - *****Completed execution TC003_Login_withDataDriven*******
11:23:37.903 [main] INFO  testCases.TC003_Login_withDataDriven.login_datadriven(TC003_Login_withDataDriven.java:18)oggger - *****Started execution TC003_Login_withDataDriven*******
11:23:44.406 [main] INFO  testCases.TC003_Login_withDataDriven.login_datadriven(TC003_Login_withDataDriven.java:58)oggger - *****Completed execution TC003_Login_withDataDriven*******
19:41:34.390 [main] DEBUG org.apache.poi.openxml4j.opc.PackageRelationshipCollection.parseRelationshipsPart(PackageRelationshipCollection.java:307)oggger - Parsing relationship: /xl/_rels/workbook.xml.rels
19:41:34.404 [main] DEBUG org.apache.poi.openxml4j.opc.PackageRelationshipCollection.parseRelationshipsPart(PackageRelationshipCollection.java:307)oggger - Parsing relationship: /xl/worksheets/_rels/sheet1.xml.rels
19:41:34.408 [main] DEBUG org.apache.poi.openxml4j.opc.PackageRelationshipCollection.parseRelationshipsPart(PackageRelationshipCollection.java:307)oggger - Parsing relationship: /_rels/.rels
19:41:35.295 [main] DEBUG org.apache.poi.ooxml.POIXMLFactory.createDocumentPart(POIXMLFactory.java:65)oggger - using default POIXMLDocumentPart for http://schemas.openxmlformats.org/officeDocument/2006/relationships/printerSettings
19:41:35.500 [main] DEBUG org.apache.poi.openxml4j.opc.PackageRelationshipCollection.parseRelationshipsPart(PackageRelationshipCollection.java:307)oggger - Parsing relationship: /xl/_rels/workbook.xml.rels
19:41:35.503 [main] DEBUG org.apache.poi.openxml4j.opc.PackageRelationshipCollection.parseRelationshipsPart(PackageRelationshipCollection.java:307)oggger - Parsing relationship: /xl/worksheets/_rels/sheet1.xml.rels
19:41:35.506 [main] DEBUG org.apache.poi.openxml4j.opc.PackageRelationshipCollection.parseRelationshipsPart(PackageRelationshipCollection.java:307)oggger - Parsing relationship: /_rels/.rels
19:41:35.544 [main] DEBUG org.apache.poi.ooxml.POIXMLFactory.createDocumentPart(POIXMLFactory.java:65)oggger - using default POIXMLDocumentPart for http://schemas.openxmlformats.org/officeDocument/2006/relationships/printerSettings
19:41:35.607 [main] DEBUG org.apache.poi.openxml4j.opc.PackageRelationshipCollection.parseRelationshipsPart(PackageRelationshipCollection.java:307)oggger - Parsing relationship: /xl/_rels/workbook.xml.rels
19:41:35.610 [main] DEBUG org.apache.poi.openxml4j.opc.PackageRelationshipCollection.parseRelationshipsPart(PackageRelationshipCollection.java:307)oggger - Parsing relationship: /xl/worksheets/_rels/sheet1.xml.rels
19:41:35.611 [main] DEBUG org.apache.poi.openxml4j.opc.PackageRelationshipCollection.parseRelationshipsPart(PackageRelationshipCollection.java:307)oggger - Parsing relationship: /_rels/.rels
19:41:35.685 [main] DEBUG org.apache.poi.ooxml.POIXMLFactory.createDocumentPart(POIXMLFactory.java:65)oggger - using default POIXMLDocumentPart for http://schemas.openxmlformats.org/officeDocument/2006/relationships/printerSettings
19:41:35.730 [main] DEBUG org.apache.poi.openxml4j.opc.PackageRelationshipCollection.parseRelationshipsPart(PackageRelationshipCollection.java:307)oggger - Parsing relationship: /xl/_rels/workbook.xml.rels
19:41:35.730 [main] DEBUG org.apache.poi.openxml4j.opc.PackageRelationshipCollection.parseRelationshipsPart(PackageRelationshipCollection.java:307)oggger - Parsing relationship: /xl/worksheets/_rels/sheet1.xml.rels
19:41:35.735 [main] DEBUG org.apache.poi.openxml4j.opc.PackageRelationshipCollection.parseRelationshipsPart(PackageRelationshipCollection.java:307)oggger - Parsing relationship: /_rels/.rels
19:41:35.782 [main] DEBUG org.apache.poi.ooxml.POIXMLFactory.createDocumentPart(POIXMLFactory.java:65)oggger - using default POIXMLDocumentPart for http://schemas.openxmlformats.org/officeDocument/2006/relationships/printerSettings
19:41:35.807 [main] DEBUG org.apache.poi.openxml4j.opc.PackageRelationshipCollection.parseRelationshipsPart(PackageRelationshipCollection.java:307)oggger - Parsing relationship: /xl/_rels/workbook.xml.rels
19:41:35.810 [main] DEBUG org.apache.poi.openxml4j.opc.PackageRelationshipCollection.parseRelationshipsPart(PackageRelationshipCollection.java:307)oggger - Parsing relationship: /xl/worksheets/_rels/sheet1.xml.rels
19:41:35.810 [main] DEBUG org.apache.poi.openxml4j.opc.PackageRelationshipCollection.parseRelationshipsPart(PackageRelationshipCollection.java:307)oggger - Parsing relationship: /_rels/.rels
19:41:35.830 [main] DEBUG org.apache.poi.ooxml.POIXMLFactory.createDocumentPart(POIXMLFactory.java:65)oggger - using default POIXMLDocumentPart for http://schemas.openxmlformats.org/officeDocument/2006/relationships/printerSettings
19:41:35.911 [main] DEBUG org.apache.poi.openxml4j.opc.PackageRelationshipCollection.parseRelationshipsPart(PackageRelationshipCollection.java:307)oggger - Parsing relationship: /xl/_rels/workbook.xml.rels
19:41:35.915 [main] DEBUG org.apache.poi.openxml4j.opc.PackageRelationshipCollection.parseRelationshipsPart(PackageRelationshipCollection.java:307)oggger - Parsing relationship: /xl/worksheets/_rels/sheet1.xml.rels
19:41:35.917 [main] DEBUG org.apache.poi.openxml4j.opc.PackageRelationshipCollection.parseRelationshipsPart(PackageRelationshipCollection.java:307)oggger - Parsing relationship: /_rels/.rels
19:41:35.960 [main] DEBUG org.apache.poi.ooxml.POIXMLFactory.createDocumentPart(POIXMLFactory.java:65)oggger - using default POIXMLDocumentPart for http://schemas.openxmlformats.org/officeDocument/2006/relationships/printerSettings
19:41:36.004 [main] DEBUG org.apache.poi.openxml4j.opc.PackageRelationshipCollection.parseRelationshipsPart(PackageRelationshipCollection.java:307)oggger - Parsing relationship: /xl/_rels/workbook.xml.rels
19:41:36.009 [main] DEBUG org.apache.poi.openxml4j.opc.PackageRelationshipCollection.parseRelationshipsPart(PackageRelationshipCollection.java:307)oggger - Parsing relationship: /xl/worksheets/_rels/sheet1.xml.rels
19:41:36.010 [main] DEBUG org.apache.poi.openxml4j.opc.PackageRelationshipCollection.parseRelationshipsPart(PackageRelationshipCollection.java:307)oggger - Parsing relationship: /_rels/.rels
19:41:36.024 [main] DEBUG org.apache.poi.ooxml.POIXMLFactory.createDocumentPart(POIXMLFactory.java:65)oggger - using default POIXMLDocumentPart for http://schemas.openxmlformats.org/officeDocument/2006/relationships/printerSettings
19:41:36.073 [main] DEBUG org.apache.poi.openxml4j.opc.PackageRelationshipCollection.parseRelationshipsPart(PackageRelationshipCollection.java:307)oggger - Parsing relationship: /xl/_rels/workbook.xml.rels
19:41:36.080 [main] DEBUG org.apache.poi.openxml4j.opc.PackageRelationshipCollection.parseRelationshipsPart(PackageRelationshipCollection.java:307)oggger - Parsing relationship: /xl/worksheets/_rels/sheet1.xml.rels
19:41:36.080 [main] DEBUG org.apache.poi.openxml4j.opc.PackageRelationshipCollection.parseRelationshipsPart(PackageRelationshipCollection.java:307)oggger - Parsing relationship: /_rels/.rels
19:41:36.132 [main] DEBUG org.apache.poi.ooxml.POIXMLFactory.createDocumentPart(POIXMLFactory.java:65)oggger - using default POIXMLDocumentPart for http://schemas.openxmlformats.org/officeDocument/2006/relationships/printerSettings
19:41:36.195 [main] DEBUG org.apache.poi.openxml4j.opc.PackageRelationshipCollection.parseRelationshipsPart(PackageRelationshipCollection.java:307)oggger - Parsing relationship: /xl/_rels/workbook.xml.rels
19:41:36.199 [main] DEBUG org.apache.poi.openxml4j.opc.PackageRelationshipCollection.parseRelationshipsPart(PackageRelationshipCollection.java:307)oggger - Parsing relationship: /xl/worksheets/_rels/sheet1.xml.rels
19:41:36.210 [main] DEBUG org.apache.poi.openxml4j.opc.PackageRelationshipCollection.parseRelationshipsPart(PackageRelationshipCollection.java:307)oggger - Parsing relationship: /_rels/.rels
19:41:36.222 [main] DEBUG org.apache.poi.ooxml.POIXMLFactory.createDocumentPart(POIXMLFactory.java:65)oggger - using default POIXMLDocumentPart for http://schemas.openxmlformats.org/officeDocument/2006/relationships/printerSettings
19:41:36.273 [main] DEBUG org.apache.poi.openxml4j.opc.PackageRelationshipCollection.parseRelationshipsPart(PackageRelationshipCollection.java:307)oggger - Parsing relationship: /xl/_rels/workbook.xml.rels
19:41:36.283 [main] DEBUG org.apache.poi.openxml4j.opc.PackageRelationshipCollection.parseRelationshipsPart(PackageRelationshipCollection.java:307)oggger - Parsing relationship: /xl/worksheets/_rels/sheet1.xml.rels
19:41:36.287 [main] DEBUG org.apache.poi.openxml4j.opc.PackageRelationshipCollection.parseRelationshipsPart(PackageRelationshipCollection.java:307)oggger - Parsing relationship: /_rels/.rels
19:41:36.309 [main] DEBUG org.apache.poi.ooxml.POIXMLFactory.createDocumentPart(POIXMLFactory.java:65)oggger - using default POIXMLDocumentPart for http://schemas.openxmlformats.org/officeDocument/2006/relationships/printerSettings
19:41:36.340 [main] DEBUG org.apache.poi.openxml4j.opc.PackageRelationshipCollection.parseRelationshipsPart(PackageRelationshipCollection.java:307)oggger - Parsing relationship: /xl/_rels/workbook.xml.rels
19:41:36.343 [main] DEBUG org.apache.poi.openxml4j.opc.PackageRelationshipCollection.parseRelationshipsPart(PackageRelationshipCollection.java:307)oggger - Parsing relationship: /xl/worksheets/_rels/sheet1.xml.rels
19:41:36.350 [main] DEBUG org.apache.poi.openxml4j.opc.PackageRelationshipCollection.parseRelationshipsPart(PackageRelationshipCollection.java:307)oggger - Parsing relationship: /_rels/.rels
19:41:36.365 [main] DEBUG org.apache.poi.ooxml.POIXMLFactory.createDocumentPart(POIXMLFactory.java:65)oggger - using default POIXMLDocumentPart for http://schemas.openxmlformats.org/officeDocument/2006/relationships/printerSettings
19:41:36.380 [main] DEBUG org.apache.poi.openxml4j.opc.PackageRelationshipCollection.parseRelationshipsPart(PackageRelationshipCollection.java:307)oggger - Parsing relationship: /xl/_rels/workbook.xml.rels
19:41:36.380 [main] DEBUG org.apache.poi.openxml4j.opc.PackageRelationshipCollection.parseRelationshipsPart(PackageRelationshipCollection.java:307)oggger - Parsing relationship: /xl/worksheets/_rels/sheet1.xml.rels
19:41:36.380 [main] DEBUG org.apache.poi.openxml4j.opc.PackageRelationshipCollection.parseRelationshipsPart(PackageRelationshipCollection.java:307)oggger - Parsing relationship: /_rels/.rels
19:41:36.401 [main] DEBUG org.apache.poi.ooxml.POIXMLFactory.createDocumentPart(POIXMLFactory.java:65)oggger - using default POIXMLDocumentPart for http://schemas.openxmlformats.org/officeDocument/2006/relationships/printerSettings
19:41:36.432 [main] DEBUG org.apache.poi.openxml4j.opc.PackageRelationshipCollection.parseRelationshipsPart(PackageRelationshipCollection.java:307)oggger - Parsing relationship: /xl/_rels/workbook.xml.rels
19:41:36.440 [main] DEBUG org.apache.poi.openxml4j.opc.PackageRelationshipCollection.parseRelationshipsPart(PackageRelationshipCollection.java:307)oggger - Parsing relationship: /xl/worksheets/_rels/sheet1.xml.rels
19:41:36.444 [main] DEBUG org.apache.poi.openxml4j.opc.PackageRelationshipCollection.parseRelationshipsPart(PackageRelationshipCollection.java:307)oggger - Parsing relationship: /_rels/.rels
19:41:36.463 [main] DEBUG org.apache.poi.ooxml.POIXMLFactory.createDocumentPart(POIXMLFactory.java:65)oggger - using default POIXMLDocumentPart for http://schemas.openxmlformats.org/officeDocument/2006/relationships/printerSettings
19:41:36.480 [main] DEBUG org.apache.poi.openxml4j.opc.PackageRelationshipCollection.parseRelationshipsPart(PackageRelationshipCollection.java:307)oggger - Parsing relationship: /xl/_rels/workbook.xml.rels
19:41:36.480 [main] DEBUG org.apache.poi.openxml4j.opc.PackageRelationshipCollection.parseRelationshipsPart(PackageRelationshipCollection.java:307)oggger - Parsing relationship: /xl/worksheets/_rels/sheet1.xml.rels
19:41:36.480 [main] DEBUG org.apache.poi.openxml4j.opc.PackageRelationshipCollection.parseRelationshipsPart(PackageRelationshipCollection.java:307)oggger - Parsing relationship: /_rels/.rels
19:41:36.491 [main] DEBUG org.apache.poi.ooxml.POIXMLFactory.createDocumentPart(POIXMLFactory.java:65)oggger - using default POIXMLDocumentPart for http://schemas.openxmlformats.org/officeDocument/2006/relationships/printerSettings
19:41:36.517 [main] DEBUG org.apache.poi.openxml4j.opc.PackageRelationshipCollection.parseRelationshipsPart(PackageRelationshipCollection.java:307)oggger - Parsing relationship: /xl/_rels/workbook.xml.rels
19:41:36.517 [main] DEBUG org.apache.poi.openxml4j.opc.PackageRelationshipCollection.parseRelationshipsPart(PackageRelationshipCollection.java:307)oggger - Parsing relationship: /xl/worksheets/_rels/sheet1.xml.rels
19:41:36.522 [main] DEBUG org.apache.poi.openxml4j.opc.PackageRelationshipCollection.parseRelationshipsPart(PackageRelationshipCollection.java:307)oggger - Parsing relationship: /_rels/.rels
19:41:36.540 [main] DEBUG org.apache.poi.ooxml.POIXMLFactory.createDocumentPart(POIXMLFactory.java:65)oggger - using default POIXMLDocumentPart for http://schemas.openxmlformats.org/officeDocument/2006/relationships/printerSettings
19:41:36.563 [main] DEBUG org.apache.poi.openxml4j.opc.PackageRelationshipCollection.parseRelationshipsPart(PackageRelationshipCollection.java:307)oggger - Parsing relationship: /xl/_rels/workbook.xml.rels
19:41:36.573 [main] DEBUG org.apache.poi.openxml4j.opc.PackageRelationshipCollection.parseRelationshipsPart(PackageRelationshipCollection.java:307)oggger - Parsing relationship: /xl/worksheets/_rels/sheet1.xml.rels
19:41:36.573 [main] DEBUG org.apache.poi.openxml4j.opc.PackageRelationshipCollection.parseRelationshipsPart(PackageRelationshipCollection.java:307)oggger - Parsing relationship: /_rels/.rels
19:41:36.590 [main] DEBUG org.apache.poi.ooxml.POIXMLFactory.createDocumentPart(POIXMLFactory.java:65)oggger - using default POIXMLDocumentPart for http://schemas.openxmlformats.org/officeDocument/2006/relationships/printerSettings
19:41:36.610 [main] DEBUG org.apache.poi.openxml4j.opc.PackageRelationshipCollection.parseRelationshipsPart(PackageRelationshipCollection.java:307)oggger - Parsing relationship: /xl/_rels/workbook.xml.rels
19:41:36.610 [main] DEBUG org.apache.poi.openxml4j.opc.PackageRelationshipCollection.parseRelationshipsPart(PackageRelationshipCollection.java:307)oggger - Parsing relationship: /xl/worksheets/_rels/sheet1.xml.rels
19:41:36.610 [main] DEBUG org.apache.poi.openxml4j.opc.PackageRelationshipCollection.parseRelationshipsPart(PackageRelationshipCollection.java:307)oggger - Parsing relationship: /_rels/.rels
19:41:36.630 [main] DEBUG org.apache.poi.ooxml.POIXMLFactory.createDocumentPart(POIXMLFactory.java:65)oggger - using default POIXMLDocumentPart for http://schemas.openxmlformats.org/officeDocument/2006/relationships/printerSettings
19:41:36.680 [main] INFO  testCases.TC003_Login_withDataDriven.login_datadriven(TC003_Login_withDataDriven.java:18)oggger - *****Started execution TC003_Login_withDataDriven*******
19:41:40.124 [main] INFO  testCases.TC003_Login_withDataDriven.login_datadriven(TC003_Login_withDataDriven.java:58)oggger - *****Completed execution TC003_Login_withDataDriven*******
19:41:40.150 [main] INFO  testCases.TC003_Login_withDataDriven.login_datadriven(TC003_Login_withDataDriven.java:18)oggger - *****Started execution TC003_Login_withDataDriven*******
19:41:45.893 [main] INFO  testCases.TC003_Login_withDataDriven.login_datadriven(TC003_Login_withDataDriven.java:58)oggger - *****Completed execution TC003_Login_withDataDriven*******
19:41:45.906 [main] INFO  testCases.TC003_Login_withDataDriven.login_datadriven(TC003_Login_withDataDriven.java:18)oggger - *****Started execution TC003_Login_withDataDriven*******
19:41:49.930 [main] INFO  testCases.TC003_Login_withDataDriven.login_datadriven(TC003_Login_withDataDriven.java:58)oggger - *****Completed execution TC003_Login_withDataDriven*******
19:41:49.942 [main] INFO  testCases.TC003_Login_withDataDriven.login_datadriven(TC003_Login_withDataDriven.java:18)oggger - *****Started execution TC003_Login_withDataDriven*******
19:41:55.992 [main] INFO  testCases.TC003_Login_withDataDriven.login_datadriven(TC003_Login_withDataDriven.java:58)oggger - *****Completed execution TC003_Login_withDataDriven*******
19:41:56.006 [main] INFO  testCases.TC003_Login_withDataDriven.login_datadriven(TC003_Login_withDataDriven.java:18)oggger - *****Started execution TC003_Login_withDataDriven*******
19:41:59.015 [main] INFO  testCases.TC003_Login_withDataDriven.login_datadriven(TC003_Login_withDataDriven.java:58)oggger - *****Completed execution TC003_Login_withDataDriven*******
20:29:37.254 [main] DEBUG org.apache.poi.openxml4j.opc.PackageRelationshipCollection.parseRelationshipsPart(PackageRelationshipCollection.java:307)oggger - Parsing relationship: /xl/_rels/workbook.xml.rels
20:29:37.271 [main] DEBUG org.apache.poi.openxml4j.opc.PackageRelationshipCollection.parseRelationshipsPart(PackageRelationshipCollection.java:307)oggger - Parsing relationship: /xl/worksheets/_rels/sheet1.xml.rels
20:29:37.272 [main] DEBUG org.apache.poi.openxml4j.opc.PackageRelationshipCollection.parseRelationshipsPart(PackageRelationshipCollection.java:307)oggger - Parsing relationship: /_rels/.rels
20:29:38.034 [main] DEBUG org.apache.poi.ooxml.POIXMLFactory.createDocumentPart(POIXMLFactory.java:65)oggger - using default POIXMLDocumentPart for http://schemas.openxmlformats.org/officeDocument/2006/relationships/printerSettings
20:29:38.236 [main] DEBUG org.apache.poi.openxml4j.opc.PackageRelationshipCollection.parseRelationshipsPart(PackageRelationshipCollection.java:307)oggger - Parsing relationship: /xl/_rels/workbook.xml.rels
20:29:38.239 [main] DEBUG org.apache.poi.openxml4j.opc.PackageRelationshipCollection.parseRelationshipsPart(PackageRelationshipCollection.java:307)oggger - Parsing relationship: /xl/worksheets/_rels/sheet1.xml.rels
20:29:38.239 [main] DEBUG org.apache.poi.openxml4j.opc.PackageRelationshipCollection.parseRelationshipsPart(PackageRelationshipCollection.java:307)oggger - Parsing relationship: /_rels/.rels
20:29:38.276 [main] DEBUG org.apache.poi.ooxml.POIXMLFactory.createDocumentPart(POIXMLFactory.java:65)oggger - using default POIXMLDocumentPart for http://schemas.openxmlformats.org/officeDocument/2006/relationships/printerSettings
20:29:38.329 [main] DEBUG org.apache.poi.openxml4j.opc.PackageRelationshipCollection.parseRelationshipsPart(PackageRelationshipCollection.java:307)oggger - Parsing relationship: /xl/_rels/workbook.xml.rels
20:29:38.334 [main] DEBUG org.apache.poi.openxml4j.opc.PackageRelationshipCollection.parseRelationshipsPart(PackageRelationshipCollection.java:307)oggger - Parsing relationship: /xl/worksheets/_rels/sheet1.xml.rels
20:29:38.334 [main] DEBUG org.apache.poi.openxml4j.opc.PackageRelationshipCollection.parseRelationshipsPart(PackageRelationshipCollection.java:307)oggger - Parsing relationship: /_rels/.rels
20:29:38.369 [main] DEBUG org.apache.poi.ooxml.POIXMLFactory.createDocumentPart(POIXMLFactory.java:65)oggger - using default POIXMLDocumentPart for http://schemas.openxmlformats.org/officeDocument/2006/relationships/printerSettings
20:29:38.404 [main] DEBUG org.apache.poi.openxml4j.opc.PackageRelationshipCollection.parseRelationshipsPart(PackageRelationshipCollection.java:307)oggger - Parsing relationship: /xl/_rels/workbook.xml.rels
20:29:38.411 [main] DEBUG org.apache.poi.openxml4j.opc.PackageRelationshipCollection.parseRelationshipsPart(PackageRelationshipCollection.java:307)oggger - Parsing relationship: /xl/worksheets/_rels/sheet1.xml.rels
20:29:38.414 [main] DEBUG org.apache.poi.openxml4j.opc.PackageRelationshipCollection.parseRelationshipsPart(PackageRelationshipCollection.java:307)oggger - Parsing relationship: /_rels/.rels
20:29:38.439 [main] DEBUG org.apache.poi.ooxml.POIXMLFactory.createDocumentPart(POIXMLFactory.java:65)oggger - using default POIXMLDocumentPart for http://schemas.openxmlformats.org/officeDocument/2006/relationships/printerSettings
20:29:38.469 [main] DEBUG org.apache.poi.openxml4j.opc.PackageRelationshipCollection.parseRelationshipsPart(PackageRelationshipCollection.java:307)oggger - Parsing relationship: /xl/_rels/workbook.xml.rels
20:29:38.469 [main] DEBUG org.apache.poi.openxml4j.opc.PackageRelationshipCollection.parseRelationshipsPart(PackageRelationshipCollection.java:307)oggger - Parsing relationship: /xl/worksheets/_rels/sheet1.xml.rels
20:29:38.469 [main] DEBUG org.apache.poi.openxml4j.opc.PackageRelationshipCollection.parseRelationshipsPart(PackageRelationshipCollection.java:307)oggger - Parsing relationship: /_rels/.rels
20:29:38.489 [main] DEBUG org.apache.poi.ooxml.POIXMLFactory.createDocumentPart(POIXMLFactory.java:65)oggger - using default POIXMLDocumentPart for http://schemas.openxmlformats.org/officeDocument/2006/relationships/printerSettings
20:29:38.544 [main] DEBUG org.apache.poi.openxml4j.opc.PackageRelationshipCollection.parseRelationshipsPart(PackageRelationshipCollection.java:307)oggger - Parsing relationship: /xl/_rels/workbook.xml.rels
20:29:38.549 [main] DEBUG org.apache.poi.openxml4j.opc.PackageRelationshipCollection.parseRelationshipsPart(PackageRelationshipCollection.java:307)oggger - Parsing relationship: /xl/worksheets/_rels/sheet1.xml.rels
20:29:38.554 [main] DEBUG org.apache.poi.openxml4j.opc.PackageRelationshipCollection.parseRelationshipsPart(PackageRelationshipCollection.java:307)oggger - Parsing relationship: /_rels/.rels
20:29:38.567 [main] DEBUG org.apache.poi.ooxml.POIXMLFactory.createDocumentPart(POIXMLFactory.java:65)oggger - using default POIXMLDocumentPart for http://schemas.openxmlformats.org/officeDocument/2006/relationships/printerSettings
20:29:38.584 [main] DEBUG org.apache.poi.openxml4j.opc.PackageRelationshipCollection.parseRelationshipsPart(PackageRelationshipCollection.java:307)oggger - Parsing relationship: /xl/_rels/workbook.xml.rels
20:29:38.584 [main] DEBUG org.apache.poi.openxml4j.opc.PackageRelationshipCollection.parseRelationshipsPart(PackageRelationshipCollection.java:307)oggger - Parsing relationship: /xl/worksheets/_rels/sheet1.xml.rels
20:29:38.589 [main] DEBUG org.apache.poi.openxml4j.opc.PackageRelationshipCollection.parseRelationshipsPart(PackageRelationshipCollection.java:307)oggger - Parsing relationship: /_rels/.rels
20:29:38.599 [main] DEBUG org.apache.poi.ooxml.POIXMLFactory.createDocumentPart(POIXMLFactory.java:65)oggger - using default POIXMLDocumentPart for http://schemas.openxmlformats.org/officeDocument/2006/relationships/printerSettings
20:29:38.619 [main] DEBUG org.apache.poi.openxml4j.opc.PackageRelationshipCollection.parseRelationshipsPart(PackageRelationshipCollection.java:307)oggger - Parsing relationship: /xl/_rels/workbook.xml.rels
20:29:38.619 [main] DEBUG org.apache.poi.openxml4j.opc.PackageRelationshipCollection.parseRelationshipsPart(PackageRelationshipCollection.java:307)oggger - Parsing relationship: /xl/worksheets/_rels/sheet1.xml.rels
20:29:38.619 [main] DEBUG org.apache.poi.openxml4j.opc.PackageRelationshipCollection.parseRelationshipsPart(PackageRelationshipCollection.java:307)oggger - Parsing relationship: /_rels/.rels
20:29:38.639 [main] DEBUG org.apache.poi.ooxml.POIXMLFactory.createDocumentPart(POIXMLFactory.java:65)oggger - using default POIXMLDocumentPart for http://schemas.openxmlformats.org/officeDocument/2006/relationships/printerSettings
20:29:38.659 [main] DEBUG org.apache.poi.openxml4j.opc.PackageRelationshipCollection.parseRelationshipsPart(PackageRelationshipCollection.java:307)oggger - Parsing relationship: /xl/_rels/workbook.xml.rels
20:29:38.666 [main] DEBUG org.apache.poi.openxml4j.opc.PackageRelationshipCollection.parseRelationshipsPart(PackageRelationshipCollection.java:307)oggger - Parsing relationship: /xl/worksheets/_rels/sheet1.xml.rels
20:29:38.666 [main] DEBUG org.apache.poi.openxml4j.opc.PackageRelationshipCollection.parseRelationshipsPart(PackageRelationshipCollection.java:307)oggger - Parsing relationship: /_rels/.rels
20:29:38.689 [main] DEBUG org.apache.poi.ooxml.POIXMLFactory.createDocumentPart(POIXMLFactory.java:65)oggger - using default POIXMLDocumentPart for http://schemas.openxmlformats.org/officeDocument/2006/relationships/printerSettings
20:29:38.726 [main] DEBUG org.apache.poi.openxml4j.opc.PackageRelationshipCollection.parseRelationshipsPart(PackageRelationshipCollection.java:307)oggger - Parsing relationship: /xl/_rels/workbook.xml.rels
20:29:38.726 [main] DEBUG org.apache.poi.openxml4j.opc.PackageRelationshipCollection.parseRelationshipsPart(PackageRelationshipCollection.java:307)oggger - Parsing relationship: /xl/worksheets/_rels/sheet1.xml.rels
20:29:38.726 [main] DEBUG org.apache.poi.openxml4j.opc.PackageRelationshipCollection.parseRelationshipsPart(PackageRelationshipCollection.java:307)oggger - Parsing relationship: /_rels/.rels
20:29:38.745 [main] DEBUG org.apache.poi.ooxml.POIXMLFactory.createDocumentPart(POIXMLFactory.java:65)oggger - using default POIXMLDocumentPart for http://schemas.openxmlformats.org/officeDocument/2006/relationships/printerSettings
20:29:38.758 [main] DEBUG org.apache.poi.openxml4j.opc.PackageRelationshipCollection.parseRelationshipsPart(PackageRelationshipCollection.java:307)oggger - Parsing relationship: /xl/_rels/workbook.xml.rels
20:29:38.758 [main] DEBUG org.apache.poi.openxml4j.opc.PackageRelationshipCollection.parseRelationshipsPart(PackageRelationshipCollection.java:307)oggger - Parsing relationship: /xl/worksheets/_rels/sheet1.xml.rels
20:29:38.758 [main] DEBUG org.apache.poi.openxml4j.opc.PackageRelationshipCollection.parseRelationshipsPart(PackageRelationshipCollection.java:307)oggger - Parsing relationship: /_rels/.rels
20:29:38.769 [main] DEBUG org.apache.poi.ooxml.POIXMLFactory.createDocumentPart(POIXMLFactory.java:65)oggger - using default POIXMLDocumentPart for http://schemas.openxmlformats.org/officeDocument/2006/relationships/printerSettings
20:29:38.784 [main] DEBUG org.apache.poi.openxml4j.opc.PackageRelationshipCollection.parseRelationshipsPart(PackageRelationshipCollection.java:307)oggger - Parsing relationship: /xl/_rels/workbook.xml.rels
20:29:38.784 [main] DEBUG org.apache.poi.openxml4j.opc.PackageRelationshipCollection.parseRelationshipsPart(PackageRelationshipCollection.java:307)oggger - Parsing relationship: /xl/worksheets/_rels/sheet1.xml.rels
20:29:38.789 [main] DEBUG org.apache.poi.openxml4j.opc.PackageRelationshipCollection.parseRelationshipsPart(PackageRelationshipCollection.java:307)oggger - Parsing relationship: /_rels/.rels
20:29:38.824 [main] DEBUG org.apache.poi.ooxml.POIXMLFactory.createDocumentPart(POIXMLFactory.java:65)oggger - using default POIXMLDocumentPart for http://schemas.openxmlformats.org/officeDocument/2006/relationships/printerSettings
20:29:38.844 [main] DEBUG org.apache.poi.openxml4j.opc.PackageRelationshipCollection.parseRelationshipsPart(PackageRelationshipCollection.java:307)oggger - Parsing relationship: /xl/_rels/workbook.xml.rels
20:29:38.845 [main] DEBUG org.apache.poi.openxml4j.opc.PackageRelationshipCollection.parseRelationshipsPart(PackageRelationshipCollection.java:307)oggger - Parsing relationship: /xl/worksheets/_rels/sheet1.xml.rels
20:29:38.845 [main] DEBUG org.apache.poi.openxml4j.opc.PackageRelationshipCollection.parseRelationshipsPart(PackageRelationshipCollection.java:307)oggger - Parsing relationship: /_rels/.rels
20:29:38.855 [main] DEBUG org.apache.poi.ooxml.POIXMLFactory.createDocumentPart(POIXMLFactory.java:65)oggger - using default POIXMLDocumentPart for http://schemas.openxmlformats.org/officeDocument/2006/relationships/printerSettings
20:29:38.874 [main] DEBUG org.apache.poi.openxml4j.opc.PackageRelationshipCollection.parseRelationshipsPart(PackageRelationshipCollection.java:307)oggger - Parsing relationship: /xl/_rels/workbook.xml.rels
20:29:38.874 [main] DEBUG org.apache.poi.openxml4j.opc.PackageRelationshipCollection.parseRelationshipsPart(PackageRelationshipCollection.java:307)oggger - Parsing relationship: /xl/worksheets/_rels/sheet1.xml.rels
20:29:38.879 [main] DEBUG org.apache.poi.openxml4j.opc.PackageRelationshipCollection.parseRelationshipsPart(PackageRelationshipCollection.java:307)oggger - Parsing relationship: /_rels/.rels
20:29:38.889 [main] DEBUG org.apache.poi.ooxml.POIXMLFactory.createDocumentPart(POIXMLFactory.java:65)oggger - using default POIXMLDocumentPart for http://schemas.openxmlformats.org/officeDocument/2006/relationships/printerSettings
20:29:38.909 [main] DEBUG org.apache.poi.openxml4j.opc.PackageRelationshipCollection.parseRelationshipsPart(PackageRelationshipCollection.java:307)oggger - Parsing relationship: /xl/_rels/workbook.xml.rels
20:29:38.915 [main] DEBUG org.apache.poi.openxml4j.opc.PackageRelationshipCollection.parseRelationshipsPart(PackageRelationshipCollection.java:307)oggger - Parsing relationship: /xl/worksheets/_rels/sheet1.xml.rels
20:29:38.915 [main] DEBUG org.apache.poi.openxml4j.opc.PackageRelationshipCollection.parseRelationshipsPart(PackageRelationshipCollection.java:307)oggger - Parsing relationship: /_rels/.rels
20:29:38.927 [main] DEBUG org.apache.poi.ooxml.POIXMLFactory.createDocumentPart(POIXMLFactory.java:65)oggger - using default POIXMLDocumentPart for http://schemas.openxmlformats.org/officeDocument/2006/relationships/printerSettings
20:29:38.939 [main] DEBUG org.apache.poi.openxml4j.opc.PackageRelationshipCollection.parseRelationshipsPart(PackageRelationshipCollection.java:307)oggger - Parsing relationship: /xl/_rels/workbook.xml.rels
20:29:38.939 [main] DEBUG org.apache.poi.openxml4j.opc.PackageRelationshipCollection.parseRelationshipsPart(PackageRelationshipCollection.java:307)oggger - Parsing relationship: /xl/worksheets/_rels/sheet1.xml.rels
20:29:38.945 [main] DEBUG org.apache.poi.openxml4j.opc.PackageRelationshipCollection.parseRelationshipsPart(PackageRelationshipCollection.java:307)oggger - Parsing relationship: /_rels/.rels
20:29:39.004 [main] DEBUG org.apache.poi.ooxml.POIXMLFactory.createDocumentPart(POIXMLFactory.java:65)oggger - using default POIXMLDocumentPart for http://schemas.openxmlformats.org/officeDocument/2006/relationships/printerSettings
20:29:39.054 [main] DEBUG org.apache.poi.openxml4j.opc.PackageRelationshipCollection.parseRelationshipsPart(PackageRelationshipCollection.java:307)oggger - Parsing relationship: /xl/_rels/workbook.xml.rels
20:29:39.054 [main] DEBUG org.apache.poi.openxml4j.opc.PackageRelationshipCollection.parseRelationshipsPart(PackageRelationshipCollection.java:307)oggger - Parsing relationship: /xl/worksheets/_rels/sheet1.xml.rels
20:29:39.054 [main] DEBUG org.apache.poi.openxml4j.opc.PackageRelationshipCollection.parseRelationshipsPart(PackageRelationshipCollection.java:307)oggger - Parsing relationship: /_rels/.rels
20:29:39.066 [main] DEBUG org.apache.poi.ooxml.POIXMLFactory.createDocumentPart(POIXMLFactory.java:65)oggger - using default POIXMLDocumentPart for http://schemas.openxmlformats.org/officeDocument/2006/relationships/printerSettings
20:29:39.116 [main] INFO  testCases.TC003_Login_withDataDriven.login_datadriven(TC003_Login_withDataDriven.java:18)oggger - *****Started execution TC003_Login_withDataDriven*******
20:29:41.658 [main] INFO  testCases.TC003_Login_withDataDriven.login_datadriven(TC003_Login_withDataDriven.java:58)oggger - *****Completed execution TC003_Login_withDataDriven*******
20:29:41.674 [main] INFO  testCases.TC003_Login_withDataDriven.login_datadriven(TC003_Login_withDataDriven.java:18)oggger - *****Started execution TC003_Login_withDataDriven*******
20:29:47.326 [main] INFO  testCases.TC003_Login_withDataDriven.login_datadriven(TC003_Login_withDataDriven.java:58)oggger - *****Completed execution TC003_Login_withDataDriven*******
20:29:47.339 [main] INFO  testCases.TC003_Login_withDataDriven.login_datadriven(TC003_Login_withDataDriven.java:18)oggger - *****Started execution TC003_Login_withDataDriven*******
20:29:49.649 [main] INFO  testCases.TC003_Login_withDataDriven.login_datadriven(TC003_Login_withDataDriven.java:58)oggger - *****Completed execution TC003_Login_withDataDriven*******
20:29:49.664 [main] INFO  testCases.TC003_Login_withDataDriven.login_datadriven(TC003_Login_withDataDriven.java:18)oggger - *****Started execution TC003_Login_withDataDriven*******
20:29:55.584 [main] INFO  testCases.TC003_Login_withDataDriven.login_datadriven(TC003_Login_withDataDriven.java:58)oggger - *****Completed execution TC003_Login_withDataDriven*******
20:29:55.594 [main] INFO  testCases.TC003_Login_withDataDriven.login_datadriven(TC003_Login_withDataDriven.java:18)oggger - *****Started execution TC003_Login_withDataDriven*******
20:30:11.637 [main] INFO  testCases.TC003_Login_withDataDriven.login_datadriven(TC003_Login_withDataDriven.java:58)oggger - *****Completed execution TC003_Login_withDataDriven*******
12:33:24.984 [main] DEBUG org.apache.poi.openxml4j.opc.PackageRelationshipCollection.parseRelationshipsPart(PackageRelationshipCollection.java:307)oggger - Parsing relationship: /xl/_rels/workbook.xml.rels
12:33:24.990 [main] DEBUG org.apache.poi.openxml4j.opc.PackageRelationshipCollection.parseRelationshipsPart(PackageRelationshipCollection.java:307)oggger - Parsing relationship: /xl/worksheets/_rels/sheet1.xml.rels
12:33:24.994 [main] DEBUG org.apache.poi.openxml4j.opc.PackageRelationshipCollection.parseRelationshipsPart(PackageRelationshipCollection.java:307)oggger - Parsing relationship: /_rels/.rels
12:33:25.431 [main] DEBUG org.apache.poi.ooxml.POIXMLFactory.createDocumentPart(POIXMLFactory.java:65)oggger - using default POIXMLDocumentPart for http://schemas.openxmlformats.org/officeDocument/2006/relationships/printerSettings
12:33:25.514 [main] DEBUG org.apache.poi.openxml4j.opc.PackageRelationshipCollection.parseRelationshipsPart(PackageRelationshipCollection.java:307)oggger - Parsing relationship: /xl/_rels/workbook.xml.rels
12:33:25.514 [main] DEBUG org.apache.poi.openxml4j.opc.PackageRelationshipCollection.parseRelationshipsPart(PackageRelationshipCollection.java:307)oggger - Parsing relationship: /xl/worksheets/_rels/sheet1.xml.rels
12:33:25.514 [main] DEBUG org.apache.poi.openxml4j.opc.PackageRelationshipCollection.parseRelationshipsPart(PackageRelationshipCollection.java:307)oggger - Parsing relationship: /_rels/.rels
12:33:25.530 [main] DEBUG org.apache.poi.ooxml.POIXMLFactory.createDocumentPart(POIXMLFactory.java:65)oggger - using default POIXMLDocumentPart for http://schemas.openxmlformats.org/officeDocument/2006/relationships/printerSettings
12:33:25.550 [main] DEBUG org.apache.poi.openxml4j.opc.PackageRelationshipCollection.parseRelationshipsPart(PackageRelationshipCollection.java:307)oggger - Parsing relationship: /xl/_rels/workbook.xml.rels
12:33:25.550 [main] DEBUG org.apache.poi.openxml4j.opc.PackageRelationshipCollection.parseRelationshipsPart(PackageRelationshipCollection.java:307)oggger - Parsing relationship: /xl/worksheets/_rels/sheet1.xml.rels
12:33:25.550 [main] DEBUG org.apache.poi.openxml4j.opc.PackageRelationshipCollection.parseRelationshipsPart(PackageRelationshipCollection.java:307)oggger - Parsing relationship: /_rels/.rels
12:33:25.562 [main] DEBUG org.apache.poi.ooxml.POIXMLFactory.createDocumentPart(POIXMLFactory.java:65)oggger - using default POIXMLDocumentPart for http://schemas.openxmlformats.org/officeDocument/2006/relationships/printerSettings
12:33:25.588 [main] DEBUG org.apache.poi.openxml4j.opc.PackageRelationshipCollection.parseRelationshipsPart(PackageRelationshipCollection.java:307)oggger - Parsing relationship: /xl/_rels/workbook.xml.rels
12:33:25.588 [main] DEBUG org.apache.poi.openxml4j.opc.PackageRelationshipCollection.parseRelationshipsPart(PackageRelationshipCollection.java:307)oggger - Parsing relationship: /xl/worksheets/_rels/sheet1.xml.rels
12:33:25.590 [main] DEBUG org.apache.poi.openxml4j.opc.PackageRelationshipCollection.parseRelationshipsPart(PackageRelationshipCollection.java:307)oggger - Parsing relationship: /_rels/.rels
12:33:25.598 [main] DEBUG org.apache.poi.ooxml.POIXMLFactory.createDocumentPart(POIXMLFactory.java:65)oggger - using default POIXMLDocumentPart for http://schemas.openxmlformats.org/officeDocument/2006/relationships/printerSettings
12:33:25.605 [main] DEBUG org.apache.poi.openxml4j.opc.PackageRelationshipCollection.parseRelationshipsPart(PackageRelationshipCollection.java:307)oggger - Parsing relationship: /xl/_rels/workbook.xml.rels
12:33:25.608 [main] DEBUG org.apache.poi.openxml4j.opc.PackageRelationshipCollection.parseRelationshipsPart(PackageRelationshipCollection.java:307)oggger - Parsing relationship: /xl/worksheets/_rels/sheet1.xml.rels
12:33:25.609 [main] DEBUG org.apache.poi.openxml4j.opc.PackageRelationshipCollection.parseRelationshipsPart(PackageRelationshipCollection.java:307)oggger - Parsing relationship: /_rels/.rels
12:33:25.620 [main] DEBUG org.apache.poi.ooxml.POIXMLFactory.createDocumentPart(POIXMLFactory.java:65)oggger - using default POIXMLDocumentPart for http://schemas.openxmlformats.org/officeDocument/2006/relationships/printerSettings
12:33:25.632 [main] DEBUG org.apache.poi.openxml4j.opc.PackageRelationshipCollection.parseRelationshipsPart(PackageRelationshipCollection.java:307)oggger - Parsing relationship: /xl/_rels/workbook.xml.rels
12:33:25.634 [main] DEBUG org.apache.poi.openxml4j.opc.PackageRelationshipCollection.parseRelationshipsPart(PackageRelationshipCollection.java:307)oggger - Parsing relationship: /xl/worksheets/_rels/sheet1.xml.rels
12:33:25.634 [main] DEBUG org.apache.poi.openxml4j.opc.PackageRelationshipCollection.parseRelationshipsPart(PackageRelationshipCollection.java:307)oggger - Parsing relationship: /_rels/.rels
12:33:25.642 [main] DEBUG org.apache.poi.ooxml.POIXMLFactory.createDocumentPart(POIXMLFactory.java:65)oggger - using default POIXMLDocumentPart for http://schemas.openxmlformats.org/officeDocument/2006/relationships/printerSettings
12:33:25.653 [main] DEBUG org.apache.poi.openxml4j.opc.PackageRelationshipCollection.parseRelationshipsPart(PackageRelationshipCollection.java:307)oggger - Parsing relationship: /xl/_rels/workbook.xml.rels
12:33:25.653 [main] DEBUG org.apache.poi.openxml4j.opc.PackageRelationshipCollection.parseRelationshipsPart(PackageRelationshipCollection.java:307)oggger - Parsing relationship: /xl/worksheets/_rels/sheet1.xml.rels
12:33:25.653 [main] DEBUG org.apache.poi.openxml4j.opc.PackageRelationshipCollection.parseRelationshipsPart(PackageRelationshipCollection.java:307)oggger - Parsing relationship: /_rels/.rels
12:33:25.660 [main] DEBUG org.apache.poi.ooxml.POIXMLFactory.createDocumentPart(POIXMLFactory.java:65)oggger - using default POIXMLDocumentPart for http://schemas.openxmlformats.org/officeDocument/2006/relationships/printerSettings
12:33:25.666 [main] DEBUG org.apache.poi.openxml4j.opc.PackageRelationshipCollection.parseRelationshipsPart(PackageRelationshipCollection.java:307)oggger - Parsing relationship: /xl/_rels/workbook.xml.rels
12:33:25.666 [main] DEBUG org.apache.poi.openxml4j.opc.PackageRelationshipCollection.parseRelationshipsPart(PackageRelationshipCollection.java:307)oggger - Parsing relationship: /xl/worksheets/_rels/sheet1.xml.rels
12:33:25.670 [main] DEBUG org.apache.poi.openxml4j.opc.PackageRelationshipCollection.parseRelationshipsPart(PackageRelationshipCollection.java:307)oggger - Parsing relationship: /_rels/.rels
12:33:25.674 [main] DEBUG org.apache.poi.ooxml.POIXMLFactory.createDocumentPart(POIXMLFactory.java:65)oggger - using default POIXMLDocumentPart for http://schemas.openxmlformats.org/officeDocument/2006/relationships/printerSettings
12:33:25.682 [main] DEBUG org.apache.poi.openxml4j.opc.PackageRelationshipCollection.parseRelationshipsPart(PackageRelationshipCollection.java:307)oggger - Parsing relationship: /xl/_rels/workbook.xml.rels
12:33:25.684 [main] DEBUG org.apache.poi.openxml4j.opc.PackageRelationshipCollection.parseRelationshipsPart(PackageRelationshipCollection.java:307)oggger - Parsing relationship: /xl/worksheets/_rels/sheet1.xml.rels
12:33:25.684 [main] DEBUG org.apache.poi.openxml4j.opc.PackageRelationshipCollection.parseRelationshipsPart(PackageRelationshipCollection.java:307)oggger - Parsing relationship: /_rels/.rels
12:33:25.690 [main] DEBUG org.apache.poi.ooxml.POIXMLFactory.createDocumentPart(POIXMLFactory.java:65)oggger - using default POIXMLDocumentPart for http://schemas.openxmlformats.org/officeDocument/2006/relationships/printerSettings
12:33:25.697 [main] DEBUG org.apache.poi.openxml4j.opc.PackageRelationshipCollection.parseRelationshipsPart(PackageRelationshipCollection.java:307)oggger - Parsing relationship: /xl/_rels/workbook.xml.rels
12:33:25.700 [main] DEBUG org.apache.poi.openxml4j.opc.PackageRelationshipCollection.parseRelationshipsPart(PackageRelationshipCollection.java:307)oggger - Parsing relationship: /xl/worksheets/_rels/sheet1.xml.rels
12:33:25.700 [main] DEBUG org.apache.poi.openxml4j.opc.PackageRelationshipCollection.parseRelationshipsPart(PackageRelationshipCollection.java:307)oggger - Parsing relationship: /_rels/.rels
12:33:25.706 [main] DEBUG org.apache.poi.ooxml.POIXMLFactory.createDocumentPart(POIXMLFactory.java:65)oggger - using default POIXMLDocumentPart for http://schemas.openxmlformats.org/officeDocument/2006/relationships/printerSettings
12:33:25.714 [main] DEBUG org.apache.poi.openxml4j.opc.PackageRelationshipCollection.parseRelationshipsPart(PackageRelationshipCollection.java:307)oggger - Parsing relationship: /xl/_rels/workbook.xml.rels
12:33:25.714 [main] DEBUG org.apache.poi.openxml4j.opc.PackageRelationshipCollection.parseRelationshipsPart(PackageRelationshipCollection.java:307)oggger - Parsing relationship: /xl/worksheets/_rels/sheet1.xml.rels
12:33:25.714 [main] DEBUG org.apache.poi.openxml4j.opc.PackageRelationshipCollection.parseRelationshipsPart(PackageRelationshipCollection.java:307)oggger - Parsing relationship: /_rels/.rels
12:33:25.720 [main] DEBUG org.apache.poi.ooxml.POIXMLFactory.createDocumentPart(POIXMLFactory.java:65)oggger - using default POIXMLDocumentPart for http://schemas.openxmlformats.org/officeDocument/2006/relationships/printerSettings
12:33:25.733 [main] DEBUG org.apache.poi.openxml4j.opc.PackageRelationshipCollection.parseRelationshipsPart(PackageRelationshipCollection.java:307)oggger - Parsing relationship: /xl/_rels/workbook.xml.rels
12:33:25.733 [main] DEBUG org.apache.poi.openxml4j.opc.PackageRelationshipCollection.parseRelationshipsPart(PackageRelationshipCollection.java:307)oggger - Parsing relationship: /xl/worksheets/_rels/sheet1.xml.rels
12:33:25.733 [main] DEBUG org.apache.poi.openxml4j.opc.PackageRelationshipCollection.parseRelationshipsPart(PackageRelationshipCollection.java:307)oggger - Parsing relationship: /_rels/.rels
12:33:25.737 [main] DEBUG org.apache.poi.ooxml.POIXMLFactory.createDocumentPart(POIXMLFactory.java:65)oggger - using default POIXMLDocumentPart for http://schemas.openxmlformats.org/officeDocument/2006/relationships/printerSettings
12:33:25.745 [main] DEBUG org.apache.poi.openxml4j.opc.PackageRelationshipCollection.parseRelationshipsPart(PackageRelationshipCollection.java:307)oggger - Parsing relationship: /xl/_rels/workbook.xml.rels
12:33:25.746 [main] DEBUG org.apache.poi.openxml4j.opc.PackageRelationshipCollection.parseRelationshipsPart(PackageRelationshipCollection.java:307)oggger - Parsing relationship: /xl/worksheets/_rels/sheet1.xml.rels
12:33:25.746 [main] DEBUG org.apache.poi.openxml4j.opc.PackageRelationshipCollection.parseRelationshipsPart(PackageRelationshipCollection.java:307)oggger - Parsing relationship: /_rels/.rels
12:33:25.751 [main] DEBUG org.apache.poi.ooxml.POIXMLFactory.createDocumentPart(POIXMLFactory.java:65)oggger - using default POIXMLDocumentPart for http://schemas.openxmlformats.org/officeDocument/2006/relationships/printerSettings
12:33:25.758 [main] DEBUG org.apache.poi.openxml4j.opc.PackageRelationshipCollection.parseRelationshipsPart(PackageRelationshipCollection.java:307)oggger - Parsing relationship: /xl/_rels/workbook.xml.rels
12:33:25.759 [main] DEBUG org.apache.poi.openxml4j.opc.PackageRelationshipCollection.parseRelationshipsPart(PackageRelationshipCollection.java:307)oggger - Parsing relationship: /xl/worksheets/_rels/sheet1.xml.rels
12:33:25.760 [main] DEBUG org.apache.poi.openxml4j.opc.PackageRelationshipCollection.parseRelationshipsPart(PackageRelationshipCollection.java:307)oggger - Parsing relationship: /_rels/.rels
12:33:25.770 [main] DEBUG org.apache.poi.ooxml.POIXMLFactory.createDocumentPart(POIXMLFactory.java:65)oggger - using default POIXMLDocumentPart for http://schemas.openxmlformats.org/officeDocument/2006/relationships/printerSettings
12:33:25.778 [main] DEBUG org.apache.poi.openxml4j.opc.PackageRelationshipCollection.parseRelationshipsPart(PackageRelationshipCollection.java:307)oggger - Parsing relationship: /xl/_rels/workbook.xml.rels
12:33:25.780 [main] DEBUG org.apache.poi.openxml4j.opc.PackageRelationshipCollection.parseRelationshipsPart(PackageRelationshipCollection.java:307)oggger - Parsing relationship: /xl/worksheets/_rels/sheet1.xml.rels
12:33:25.781 [main] DEBUG org.apache.poi.openxml4j.opc.PackageRelationshipCollection.parseRelationshipsPart(PackageRelationshipCollection.java:307)oggger - Parsing relationship: /_rels/.rels
12:33:25.786 [main] DEBUG org.apache.poi.ooxml.POIXMLFactory.createDocumentPart(POIXMLFactory.java:65)oggger - using default POIXMLDocumentPart for http://schemas.openxmlformats.org/officeDocument/2006/relationships/printerSettings
12:33:25.790 [main] DEBUG org.apache.poi.openxml4j.opc.PackageRelationshipCollection.parseRelationshipsPart(PackageRelationshipCollection.java:307)oggger - Parsing relationship: /xl/_rels/workbook.xml.rels
12:33:25.790 [main] DEBUG org.apache.poi.openxml4j.opc.PackageRelationshipCollection.parseRelationshipsPart(PackageRelationshipCollection.java:307)oggger - Parsing relationship: /xl/worksheets/_rels/sheet1.xml.rels
12:33:25.790 [main] DEBUG org.apache.poi.openxml4j.opc.PackageRelationshipCollection.parseRelationshipsPart(PackageRelationshipCollection.java:307)oggger - Parsing relationship: /_rels/.rels
12:33:25.799 [main] DEBUG org.apache.poi.ooxml.POIXMLFactory.createDocumentPart(POIXMLFactory.java:65)oggger - using default POIXMLDocumentPart for http://schemas.openxmlformats.org/officeDocument/2006/relationships/printerSettings
12:33:25.806 [main] DEBUG org.apache.poi.openxml4j.opc.PackageRelationshipCollection.parseRelationshipsPart(PackageRelationshipCollection.java:307)oggger - Parsing relationship: /xl/_rels/workbook.xml.rels
12:33:25.806 [main] DEBUG org.apache.poi.openxml4j.opc.PackageRelationshipCollection.parseRelationshipsPart(PackageRelationshipCollection.java:307)oggger - Parsing relationship: /xl/worksheets/_rels/sheet1.xml.rels
12:33:25.807 [main] DEBUG org.apache.poi.openxml4j.opc.PackageRelationshipCollection.parseRelationshipsPart(PackageRelationshipCollection.java:307)oggger - Parsing relationship: /_rels/.rels
12:33:25.812 [main] DEBUG org.apache.poi.ooxml.POIXMLFactory.createDocumentPart(POIXMLFactory.java:65)oggger - using default POIXMLDocumentPart for http://schemas.openxmlformats.org/officeDocument/2006/relationships/printerSettings
12:33:25.841 [main] INFO  testCases.TC003_Login_withDataDriven.login_datadriven(TC003_Login_withDataDriven.java:18)oggger - *****Started execution TC003_Login_withDataDriven*******
12:33:28.286 [main] INFO  testCases.TC003_Login_withDataDriven.login_datadriven(TC003_Login_withDataDriven.java:58)oggger - *****Completed execution TC003_Login_withDataDriven*******
12:33:28.308 [main] INFO  testCases.TC003_Login_withDataDriven.login_datadriven(TC003_Login_withDataDriven.java:18)oggger - *****Started execution TC003_Login_withDataDriven*******
12:33:32.808 [main] INFO  testCases.TC003_Login_withDataDriven.login_datadriven(TC003_Login_withDataDriven.java:58)oggger - *****Completed execution TC003_Login_withDataDriven*******
12:33:32.831 [main] INFO  testCases.TC003_Login_withDataDriven.login_datadriven(TC003_Login_withDataDriven.java:18)oggger - *****Started execution TC003_Login_withDataDriven*******
12:33:34.643 [main] INFO  testCases.TC003_Login_withDataDriven.login_datadriven(TC003_Login_withDataDriven.java:58)oggger - *****Completed execution TC003_Login_withDataDriven*******
12:33:34.653 [main] INFO  testCases.TC003_Login_withDataDriven.login_datadriven(TC003_Login_withDataDriven.java:18)oggger - *****Started execution TC003_Login_withDataDriven*******
12:33:39.235 [main] INFO  testCases.TC003_Login_withDataDriven.login_datadriven(TC003_Login_withDataDriven.java:58)oggger - *****Completed execution TC003_Login_withDataDriven*******
12:33:39.259 [main] INFO  testCases.TC003_Login_withDataDriven.login_datadriven(TC003_Login_withDataDriven.java:18)oggger - *****Started execution TC003_Login_withDataDriven*******
12:33:41.226 [main] INFO  testCases.TC003_Login_withDataDriven.login_datadriven(TC003_Login_withDataDriven.java:58)oggger - *****Completed execution TC003_Login_withDataDriven*******
12:38:18.520 [main] INFO  testCases.TC002_LoginTest.verify_login(TC002_LoginTest.java:16)oggger - ******TC002_LoginTest execution Started*******
12:38:53.551 [main] INFO  testCases.TC002_LoginTest.verify_login(TC002_LoginTest.java:16)oggger - ******TC002_LoginTest execution Started*******
12:47:10.558 [main] INFO  testCases.TC002_LoginTest.verify_login(TC002_LoginTest.java:16)oggger - ******TC002_LoginTest execution Started*******
12:49:28.631 [main] INFO  testCases.TC002_LoginTest.verify_login(TC002_LoginTest.java:16)oggger - ******TC002_LoginTest execution Started*******
12:51:50.684 [main] INFO  testCases.TC002_LoginTest.verify_login(TC002_LoginTest.java:16)oggger - ******TC002_LoginTest execution Started*******
14:14:03.753 [main] INFO  testCases.TC002_LoginTest.verify_login(TC002_LoginTest.java:16)oggger - ******TC002_LoginTest execution Started*******
14:15:44.557 [main] INFO  testCases.TC002_LoginTest.verify_login(TC002_LoginTest.java:16)oggger - ******TC002_LoginTest execution Started*******
17:32:31.768 [main] INFO  testCases.TC002_LoginTest.verify_login(TC002_LoginTest.java:16)oggger - ******TC002_LoginTest execution Started*******
22:41:07.170 [main] INFO  testCases.TC002_LoginTest.verify_login(TC002_LoginTest.java:16)oggger - ******TC002_LoginTest execution Started*******
22:43:11.987 [main] INFO  testCases.TC002_LoginTest.verify_login(TC002_LoginTest.java:16)oggger - ******TC002_LoginTest execution Started*******
22:54:04.125 [main] INFO  testCases.TC002_LoginTest.verify_login(TC002_LoginTest.java:16)oggger - ******TC002_LoginTest execution Started*******
22:56:52.722 [main] INFO  testCases.TC002_LoginTest.verify_login(TC002_LoginTest.java:16)oggger - ******TC002_LoginTest execution Started*******
23:14:35.696 [main] INFO  testCases.TC001_AccountRegistrationTest.verifyAccountRegistration(TC001_AccountRegistrationTest.java:16)oggger - *****Started TC001_AccountRegistrationTest execution*******
23:14:42.687 [main] INFO  testCases.TC001_AccountRegistrationTest.verifyAccountRegistration(TC001_AccountRegistrationTest.java:50)oggger - ******Execution completed********
23:14:45.052 [main] INFO  testCases.TC002_LoginTest.verify_login(TC002_LoginTest.java:16)oggger - ******TC002_LoginTest execution Started*******
23:17:06.899 [main] INFO  testCases.TC001_AccountRegistrationTest.verifyAccountRegistration(TC001_AccountRegistrationTest.java:16)oggger - *****Started TC001_AccountRegistrationTest execution*******
23:17:13.628 [main] INFO  testCases.TC001_AccountRegistrationTest.verifyAccountRegistration(TC001_AccountRegistrationTest.java:50)oggger - ******Execution completed********
23:17:16.146 [main] INFO  testCases.TC002_LoginTest.verify_login(TC002_LoginTest.java:16)oggger - ******TC002_LoginTest execution Started*******
23:17:17.887 [main] INFO  testCases.TC002_LoginTest.verify_login(TC002_LoginTest.java:40)oggger - ******TC002_LoginTest execution Completed*******
23:22:44.369 [main] INFO  testCases.TC001_AccountRegistrationTest.verifyAccountRegistration(TC001_AccountRegistrationTest.java:16)oggger - *****Started TC001_AccountRegistrationTest execution*******
23:22:51.082 [main] INFO  testCases.TC001_AccountRegistrationTest.verifyAccountRegistration(TC001_AccountRegistrationTest.java:50)oggger - ******Execution completed********
23:22:52.785 [main] INFO  testCases.TC002_LoginTest.verify_login(TC002_LoginTest.java:16)oggger - ******TC002_LoginTest execution Started*******
23:22:54.681 [main] INFO  testCases.TC002_LoginTest.verify_login(TC002_LoginTest.java:40)oggger - ******TC002_LoginTest execution Completed*******
15:29:18.431 [main] INFO  testCases.TC001_AccountRegistrationTest.verifyAccountRegistration(TC001_AccountRegistrationTest.java:16)oggger - *****Started TC001_AccountRegistrationTest execution*******
15:29:25.890 [main] INFO  testCases.TC001_AccountRegistrationTest.verifyAccountRegistration(TC001_AccountRegistrationTest.java:50)oggger - ******Execution completed********
15:29:29.149 [main] INFO  testCases.TC002_LoginTest.verify_login(TC002_LoginTest.java:16)oggger - ******TC002_LoginTest execution Started*******
15:29:31.376 [main] INFO  testCases.TC002_LoginTest.verify_login(TC002_LoginTest.java:40)oggger - ******TC002_LoginTest execution Completed*******
15:45:02.648 [main] INFO  testCases.TC001_AccountRegistrationTest.verifyAccountRegistration(TC001_AccountRegistrationTest.java:16)oggger - *****Started TC001_AccountRegistrationTest execution*******
15:45:10.947 [main] INFO  testCases.TC001_AccountRegistrationTest.verifyAccountRegistration(TC001_AccountRegistrationTest.java:50)oggger - ******Execution completed********
15:45:14.157 [main] INFO  testCases.TC002_LoginTest.verify_login(TC002_LoginTest.java:16)oggger - ******TC002_LoginTest execution Started*******
15:45:16.096 [main] INFO  testCases.TC002_LoginTest.verify_login(TC002_LoginTest.java:40)oggger - ******TC002_LoginTest execution Completed*******
15:55:42.881 [main] INFO  testCases.TC002_LoginTest.verify_login(TC002_LoginTest.java:16)oggger - ******TC002_LoginTest execution Started*******
15:55:45.304 [main] INFO  testCases.TC002_LoginTest.verify_login(TC002_LoginTest.java:40)oggger - ******TC002_LoginTest execution Completed*******
15:55:48.432 [main] INFO  testCases.TC001_AccountRegistrationTest.verifyAccountRegistration(TC001_AccountRegistrationTest.java:16)oggger - *****Started TC001_AccountRegistrationTest execution*******
15:55:55.571 [main] INFO  testCases.TC001_AccountRegistrationTest.verifyAccountRegistration(TC001_AccountRegistrationTest.java:50)oggger - ******Execution completed********
16:56:41.022 [main] INFO  testCases.TC002_LoginTest.verify_login(TC002_LoginTest.java:16)oggger - ******TC002_LoginTest execution Started*******
16:56:42.957 [main] INFO  testCases.TC002_LoginTest.verify_login(TC002_LoginTest.java:40)oggger - ******TC002_LoginTest execution Completed*******
16:56:45.247 [main] INFO  testCases.TC001_AccountRegistrationTest.verifyAccountRegistration(TC001_AccountRegistrationTest.java:16)oggger - *****Started TC001_AccountRegistrationTest execution*******
16:56:51.580 [main] INFO  testCases.TC001_AccountRegistrationTest.verifyAccountRegistration(TC001_AccountRegistrationTest.java:50)oggger - ******Execution completed********
17:09:30.766 [main] INFO  testCases.TC002_LoginTest.verify_login(TC002_LoginTest.java:16)oggger - ******TC002_LoginTest execution Started*******
17:09:36.996 [main] INFO  testCases.TC002_LoginTest.verify_login(TC002_LoginTest.java:40)oggger - ******TC002_LoginTest execution Completed*******
17:09:39.005 [main] INFO  testCases.TC001_AccountRegistrationTest.verifyAccountRegistration(TC001_AccountRegistrationTest.java:16)oggger - *****Started TC001_AccountRegistrationTest execution*******
17:09:46.000 [main] INFO  testCases.TC001_AccountRegistrationTest.verifyAccountRegistration(TC001_AccountRegistrationTest.java:50)oggger - ******Execution completed********
